[0    ][WARN ] 2013-03-17 17:04:30,588 method:org.apache.cxf.bus.spring.OldSpringSupport.logWarning(OldSpringSupport.java:55) Import of META-INF/cxf/cxf-extension-xml.xml has been deprecated and is unnecessary.
[23   ][WARN ] 2013-03-17 17:04:30,611 method:org.apache.cxf.bus.spring.OldSpringSupport.logWarning(OldSpringSupport.java:55) Import of META-INF/cxf/cxf-extension-soap.xml has been deprecated and is unnecessary.
[1556 ][WARN ] 2013-03-17 17:04:32,144 method:net.sf.ehcache.config.ConfigurationFactory.parseConfiguration(ConfigurationFactory.java:136) No configuration found. Configuring ehcache from ehcache-failsafe.xml  found in the classpath: jar:file:/D:/java/maven/local/repo/net/sf/ehcache/ehcache-core/2.6.2/ehcache-core-2.6.2.jar!/ehcache-failsafe.xml
[1681 ][WARN ] 2013-03-17 17:04:32,269 method:org.hibernate.cache.ehcache.AbstractEhcacheRegionFactory.getCache(AbstractEhcacheRegionFactory.java:180) HHH020003: Could not find a specific ehcache configuration for cache named [org.hibernate.cache.spi.UpdateTimestampsCache]; using defaults.
[1763 ][WARN ] 2013-03-17 17:04:32,351 method:org.hibernate.cache.ehcache.AbstractEhcacheRegionFactory.getCache(AbstractEhcacheRegionFactory.java:180) HHH020003: Could not find a specific ehcache configuration for cache named [org.hibernate.cache.internal.StandardQueryCache]; using defaults.
[0    ][WARN ] 2013-03-17 17:06:19,108 method:org.apache.cxf.bus.spring.OldSpringSupport.logWarning(OldSpringSupport.java:55) Import of META-INF/cxf/cxf-extension-xml.xml has been deprecated and is unnecessary.
[3    ][WARN ] 2013-03-17 17:06:19,111 method:org.apache.cxf.bus.spring.OldSpringSupport.logWarning(OldSpringSupport.java:55) Import of META-INF/cxf/cxf-extension-soap.xml has been deprecated and is unnecessary.
[1074 ][WARN ] 2013-03-17 17:06:20,182 method:net.sf.ehcache.config.ConfigurationFactory.parseConfiguration(ConfigurationFactory.java:136) No configuration found. Configuring ehcache from ehcache-failsafe.xml  found in the classpath: jar:file:/D:/java/maven/local/repo/net/sf/ehcache/ehcache-core/2.6.2/ehcache-core-2.6.2.jar!/ehcache-failsafe.xml
[1187 ][WARN ] 2013-03-17 17:06:20,295 method:org.hibernate.cache.ehcache.AbstractEhcacheRegionFactory.getCache(AbstractEhcacheRegionFactory.java:180) HHH020003: Could not find a specific ehcache configuration for cache named [org.hibernate.cache.spi.UpdateTimestampsCache]; using defaults.
[1249 ][WARN ] 2013-03-17 17:06:20,357 method:org.hibernate.cache.ehcache.AbstractEhcacheRegionFactory.getCache(AbstractEhcacheRegionFactory.java:180) HHH020003: Could not find a specific ehcache configuration for cache named [org.hibernate.cache.internal.StandardQueryCache]; using defaults.
[0    ][WARN ] 2013-03-17 17:12:58,209 method:org.apache.cxf.bus.spring.OldSpringSupport.logWarning(OldSpringSupport.java:55) Import of META-INF/cxf/cxf-extension-xml.xml has been deprecated and is unnecessary.
[3    ][WARN ] 2013-03-17 17:12:58,212 method:org.apache.cxf.bus.spring.OldSpringSupport.logWarning(OldSpringSupport.java:55) Import of META-INF/cxf/cxf-extension-soap.xml has been deprecated and is unnecessary.
[1017 ][WARN ] 2013-03-17 17:12:59,226 method:net.sf.ehcache.config.ConfigurationFactory.parseConfiguration(ConfigurationFactory.java:136) No configuration found. Configuring ehcache from ehcache-failsafe.xml  found in the classpath: jar:file:/D:/java/maven/local/repo/net/sf/ehcache/ehcache-core/2.6.2/ehcache-core-2.6.2.jar!/ehcache-failsafe.xml
[1136 ][WARN ] 2013-03-17 17:12:59,345 method:org.hibernate.cache.ehcache.AbstractEhcacheRegionFactory.getCache(AbstractEhcacheRegionFactory.java:180) HHH020003: Could not find a specific ehcache configuration for cache named [org.hibernate.cache.spi.UpdateTimestampsCache]; using defaults.
[1168 ][WARN ] 2013-03-17 17:12:59,377 method:net.sf.ehcache.DiskStorePathManager.resolveAndLockIfNeeded(DiskStorePathManager.java:162) diskStorePath 'C:\Users\ADMINI~1\AppData\Local\Temp' is already used by an existing CacheManager either in the same VM or in a different process.
The diskStore path for this CacheManager will be set to C:\Users\ADMINI~1\AppData\Local\Temp\ehcache_auto_created2513792883781718411diskstore.
To avoid this warning consider using the CacheManager factory methods to create a singleton CacheManager or specifying a separate ehcache configuration (ehcache.xml) for each CacheManager instance.
[1206 ][WARN ] 2013-03-17 17:12:59,415 method:org.hibernate.cache.ehcache.AbstractEhcacheRegionFactory.getCache(AbstractEhcacheRegionFactory.java:180) HHH020003: Could not find a specific ehcache configuration for cache named [org.hibernate.cache.internal.StandardQueryCache]; using defaults.
[0    ][WARN ] 2013-03-17 17:18:58,294 method:org.apache.cxf.bus.spring.OldSpringSupport.logWarning(OldSpringSupport.java:55) Import of META-INF/cxf/cxf-extension-xml.xml has been deprecated and is unnecessary.
[3    ][WARN ] 2013-03-17 17:18:58,297 method:org.apache.cxf.bus.spring.OldSpringSupport.logWarning(OldSpringSupport.java:55) Import of META-INF/cxf/cxf-extension-soap.xml has been deprecated and is unnecessary.
[968  ][WARN ] 2013-03-17 17:18:59,262 method:net.sf.ehcache.config.ConfigurationFactory.parseConfiguration(ConfigurationFactory.java:136) No configuration found. Configuring ehcache from ehcache-failsafe.xml  found in the classpath: jar:file:/D:/java/maven/local/repo/net/sf/ehcache/ehcache-core/2.6.2/ehcache-core-2.6.2.jar!/ehcache-failsafe.xml
[1085 ][WARN ] 2013-03-17 17:18:59,379 method:org.hibernate.cache.ehcache.AbstractEhcacheRegionFactory.getCache(AbstractEhcacheRegionFactory.java:180) HHH020003: Could not find a specific ehcache configuration for cache named [org.hibernate.cache.spi.UpdateTimestampsCache]; using defaults.
[1116 ][WARN ] 2013-03-17 17:18:59,410 method:net.sf.ehcache.DiskStorePathManager.resolveAndLockIfNeeded(DiskStorePathManager.java:162) diskStorePath 'C:\Users\ADMINI~1\AppData\Local\Temp' is already used by an existing CacheManager either in the same VM or in a different process.
The diskStore path for this CacheManager will be set to C:\Users\ADMINI~1\AppData\Local\Temp\ehcache_auto_created239708696237961110diskstore.
To avoid this warning consider using the CacheManager factory methods to create a singleton CacheManager or specifying a separate ehcache configuration (ehcache.xml) for each CacheManager instance.
[1151 ][WARN ] 2013-03-17 17:18:59,445 method:org.hibernate.cache.ehcache.AbstractEhcacheRegionFactory.getCache(AbstractEhcacheRegionFactory.java:180) HHH020003: Could not find a specific ehcache configuration for cache named [org.hibernate.cache.internal.StandardQueryCache]; using defaults.
[727  ][WARN ] 2013-03-17 17:20:23,059 method:net.sf.ehcache.config.ConfigurationFactory.parseConfiguration(ConfigurationFactory.java:136) No configuration found. Configuring ehcache from ehcache-failsafe.xml  found in the classpath: jar:file:/D:/java/maven/local/repo/net/sf/ehcache/ehcache-core/2.6.2/ehcache-core-2.6.2.jar!/ehcache-failsafe.xml
[848  ][WARN ] 2013-03-17 17:20:23,180 method:org.hibernate.cache.ehcache.AbstractEhcacheRegionFactory.getCache(AbstractEhcacheRegionFactory.java:180) HHH020003: Could not find a specific ehcache configuration for cache named [org.hibernate.cache.spi.UpdateTimestampsCache]; using defaults.
[901  ][WARN ] 2013-03-17 17:20:23,233 method:net.sf.ehcache.DiskStorePathManager.resolveAndLockIfNeeded(DiskStorePathManager.java:162) diskStorePath 'C:\Users\ADMINI~1\AppData\Local\Temp' is already used by an existing CacheManager either in the same VM or in a different process.
The diskStore path for this CacheManager will be set to C:\Users\ADMINI~1\AppData\Local\Temp\ehcache_auto_created4447189491859379858diskstore.
To avoid this warning consider using the CacheManager factory methods to create a singleton CacheManager or specifying a separate ehcache configuration (ehcache.xml) for each CacheManager instance.
[943  ][WARN ] 2013-03-17 17:20:23,275 method:org.hibernate.cache.ehcache.AbstractEhcacheRegionFactory.getCache(AbstractEhcacheRegionFactory.java:180) HHH020003: Could not find a specific ehcache configuration for cache named [org.hibernate.cache.internal.StandardQueryCache]; using defaults.
[0    ][WARN ] 2013-03-17 17:21:02,060 method:org.apache.cxf.bus.spring.OldSpringSupport.logWarning(OldSpringSupport.java:55) Import of META-INF/cxf/cxf-extension-xml.xml has been deprecated and is unnecessary.
[3    ][WARN ] 2013-03-17 17:21:02,063 method:org.apache.cxf.bus.spring.OldSpringSupport.logWarning(OldSpringSupport.java:55) Import of META-INF/cxf/cxf-extension-soap.xml has been deprecated and is unnecessary.
[1047 ][WARN ] 2013-03-17 17:21:03,107 method:net.sf.ehcache.config.ConfigurationFactory.parseConfiguration(ConfigurationFactory.java:136) No configuration found. Configuring ehcache from ehcache-failsafe.xml  found in the classpath: jar:file:/D:/java/maven/local/repo/net/sf/ehcache/ehcache-core/2.6.2/ehcache-core-2.6.2.jar!/ehcache-failsafe.xml
[1167 ][WARN ] 2013-03-17 17:21:03,227 method:org.hibernate.cache.ehcache.AbstractEhcacheRegionFactory.getCache(AbstractEhcacheRegionFactory.java:180) HHH020003: Could not find a specific ehcache configuration for cache named [org.hibernate.cache.spi.UpdateTimestampsCache]; using defaults.
[1197 ][WARN ] 2013-03-17 17:21:03,257 method:net.sf.ehcache.DiskStorePathManager.resolveAndLockIfNeeded(DiskStorePathManager.java:162) diskStorePath 'C:\Users\ADMINI~1\AppData\Local\Temp' is already used by an existing CacheManager either in the same VM or in a different process.
The diskStore path for this CacheManager will be set to C:\Users\ADMINI~1\AppData\Local\Temp\ehcache_auto_created8120347320325544090diskstore.
To avoid this warning consider using the CacheManager factory methods to create a singleton CacheManager or specifying a separate ehcache configuration (ehcache.xml) for each CacheManager instance.
[1236 ][WARN ] 2013-03-17 17:21:03,296 method:org.hibernate.cache.ehcache.AbstractEhcacheRegionFactory.getCache(AbstractEhcacheRegionFactory.java:180) HHH020003: Could not find a specific ehcache configuration for cache named [org.hibernate.cache.internal.StandardQueryCache]; using defaults.
[0    ][WARN ] 2013-03-17 17:28:32,706 method:org.apache.cxf.bus.spring.OldSpringSupport.logWarning(OldSpringSupport.java:55) Import of META-INF/cxf/cxf-extension-xml.xml has been deprecated and is unnecessary.
[3    ][WARN ] 2013-03-17 17:28:32,709 method:org.apache.cxf.bus.spring.OldSpringSupport.logWarning(OldSpringSupport.java:55) Import of META-INF/cxf/cxf-extension-soap.xml has been deprecated and is unnecessary.
[995  ][WARN ] 2013-03-17 17:28:33,701 method:net.sf.ehcache.config.ConfigurationFactory.parseConfiguration(ConfigurationFactory.java:136) No configuration found. Configuring ehcache from ehcache-failsafe.xml  found in the classpath: jar:file:/D:/java/maven/local/repo/net/sf/ehcache/ehcache-core/2.6.2/ehcache-core-2.6.2.jar!/ehcache-failsafe.xml
[1109 ][WARN ] 2013-03-17 17:28:33,815 method:org.hibernate.cache.ehcache.AbstractEhcacheRegionFactory.getCache(AbstractEhcacheRegionFactory.java:180) HHH020003: Could not find a specific ehcache configuration for cache named [org.hibernate.cache.spi.UpdateTimestampsCache]; using defaults.
[1173 ][WARN ] 2013-03-17 17:28:33,879 method:org.hibernate.cache.ehcache.AbstractEhcacheRegionFactory.getCache(AbstractEhcacheRegionFactory.java:180) HHH020003: Could not find a specific ehcache configuration for cache named [org.hibernate.cache.internal.StandardQueryCache]; using defaults.
[0    ][WARN ] 2013-03-17 17:30:12,152 method:org.apache.cxf.bus.spring.OldSpringSupport.logWarning(OldSpringSupport.java:55) Import of META-INF/cxf/cxf-extension-xml.xml has been deprecated and is unnecessary.
[3    ][WARN ] 2013-03-17 17:30:12,155 method:org.apache.cxf.bus.spring.OldSpringSupport.logWarning(OldSpringSupport.java:55) Import of META-INF/cxf/cxf-extension-soap.xml has been deprecated and is unnecessary.
[982  ][WARN ] 2013-03-17 17:30:13,134 method:net.sf.ehcache.config.ConfigurationFactory.parseConfiguration(ConfigurationFactory.java:136) No configuration found. Configuring ehcache from ehcache-failsafe.xml  found in the classpath: jar:file:/D:/java/maven/local/repo/net/sf/ehcache/ehcache-core/2.6.2/ehcache-core-2.6.2.jar!/ehcache-failsafe.xml
[1100 ][WARN ] 2013-03-17 17:30:13,252 method:org.hibernate.cache.ehcache.AbstractEhcacheRegionFactory.getCache(AbstractEhcacheRegionFactory.java:180) HHH020003: Could not find a specific ehcache configuration for cache named [org.hibernate.cache.spi.UpdateTimestampsCache]; using defaults.
[1164 ][WARN ] 2013-03-17 17:30:13,316 method:org.hibernate.cache.ehcache.AbstractEhcacheRegionFactory.getCache(AbstractEhcacheRegionFactory.java:180) HHH020003: Could not find a specific ehcache configuration for cache named [org.hibernate.cache.internal.StandardQueryCache]; using defaults.
[0    ][WARN ] 2013-03-17 17:31:53,109 method:org.apache.cxf.bus.spring.OldSpringSupport.logWarning(OldSpringSupport.java:55) Import of META-INF/cxf/cxf-extension-xml.xml has been deprecated and is unnecessary.
[4    ][WARN ] 2013-03-17 17:31:53,113 method:org.apache.cxf.bus.spring.OldSpringSupport.logWarning(OldSpringSupport.java:55) Import of META-INF/cxf/cxf-extension-soap.xml has been deprecated and is unnecessary.
[1006 ][WARN ] 2013-03-17 17:31:54,115 method:net.sf.ehcache.config.ConfigurationFactory.parseConfiguration(ConfigurationFactory.java:136) No configuration found. Configuring ehcache from ehcache-failsafe.xml  found in the classpath: jar:file:/D:/java/maven/local/repo/net/sf/ehcache/ehcache-core/2.6.2/ehcache-core-2.6.2.jar!/ehcache-failsafe.xml
[1130 ][WARN ] 2013-03-17 17:31:54,239 method:org.hibernate.cache.ehcache.AbstractEhcacheRegionFactory.getCache(AbstractEhcacheRegionFactory.java:180) HHH020003: Could not find a specific ehcache configuration for cache named [org.hibernate.cache.spi.UpdateTimestampsCache]; using defaults.
[1194 ][WARN ] 2013-03-17 17:31:54,303 method:org.hibernate.cache.ehcache.AbstractEhcacheRegionFactory.getCache(AbstractEhcacheRegionFactory.java:180) HHH020003: Could not find a specific ehcache configuration for cache named [org.hibernate.cache.internal.StandardQueryCache]; using defaults.
[0    ][WARN ] 2013-03-17 17:32:30,513 method:org.apache.cxf.bus.spring.OldSpringSupport.logWarning(OldSpringSupport.java:55) Import of META-INF/cxf/cxf-extension-xml.xml has been deprecated and is unnecessary.
[3    ][WARN ] 2013-03-17 17:32:30,516 method:org.apache.cxf.bus.spring.OldSpringSupport.logWarning(OldSpringSupport.java:55) Import of META-INF/cxf/cxf-extension-soap.xml has been deprecated and is unnecessary.
[1057 ][WARN ] 2013-03-17 17:32:31,570 method:net.sf.ehcache.config.ConfigurationFactory.parseConfiguration(ConfigurationFactory.java:136) No configuration found. Configuring ehcache from ehcache-failsafe.xml  found in the classpath: jar:file:/D:/java/maven/local/repo/net/sf/ehcache/ehcache-core/2.6.2/ehcache-core-2.6.2.jar!/ehcache-failsafe.xml
[1182 ][WARN ] 2013-03-17 17:32:31,695 method:org.hibernate.cache.ehcache.AbstractEhcacheRegionFactory.getCache(AbstractEhcacheRegionFactory.java:180) HHH020003: Could not find a specific ehcache configuration for cache named [org.hibernate.cache.spi.UpdateTimestampsCache]; using defaults.
[1251 ][WARN ] 2013-03-17 17:32:31,764 method:org.hibernate.cache.ehcache.AbstractEhcacheRegionFactory.getCache(AbstractEhcacheRegionFactory.java:180) HHH020003: Could not find a specific ehcache configuration for cache named [org.hibernate.cache.internal.StandardQueryCache]; using defaults.
[0    ][WARN ] 2013-03-17 17:34:40,663 method:org.apache.cxf.bus.spring.OldSpringSupport.logWarning(OldSpringSupport.java:55) Import of META-INF/cxf/cxf-extension-xml.xml has been deprecated and is unnecessary.
[3    ][WARN ] 2013-03-17 17:34:40,666 method:org.apache.cxf.bus.spring.OldSpringSupport.logWarning(OldSpringSupport.java:55) Import of META-INF/cxf/cxf-extension-soap.xml has been deprecated and is unnecessary.
[1105 ][WARN ] 2013-03-17 17:34:41,768 method:net.sf.ehcache.config.ConfigurationFactory.parseConfiguration(ConfigurationFactory.java:136) No configuration found. Configuring ehcache from ehcache-failsafe.xml  found in the classpath: jar:file:/D:/java/maven/local/repo/net/sf/ehcache/ehcache-core/2.6.2/ehcache-core-2.6.2.jar!/ehcache-failsafe.xml
[1232 ][WARN ] 2013-03-17 17:34:41,895 method:org.hibernate.cache.ehcache.AbstractEhcacheRegionFactory.getCache(AbstractEhcacheRegionFactory.java:180) HHH020003: Could not find a specific ehcache configuration for cache named [org.hibernate.cache.spi.UpdateTimestampsCache]; using defaults.
[1304 ][WARN ] 2013-03-17 17:34:41,967 method:org.hibernate.cache.ehcache.AbstractEhcacheRegionFactory.getCache(AbstractEhcacheRegionFactory.java:180) HHH020003: Could not find a specific ehcache configuration for cache named [org.hibernate.cache.internal.StandardQueryCache]; using defaults.
[0    ][WARN ] 2013-03-17 17:35:40,324 method:org.apache.cxf.bus.spring.OldSpringSupport.logWarning(OldSpringSupport.java:55) Import of META-INF/cxf/cxf-extension-xml.xml has been deprecated and is unnecessary.
[9    ][WARN ] 2013-03-17 17:35:40,333 method:org.apache.cxf.bus.spring.OldSpringSupport.logWarning(OldSpringSupport.java:55) Import of META-INF/cxf/cxf-extension-soap.xml has been deprecated and is unnecessary.
[1549 ][WARN ] 2013-03-17 17:35:41,873 method:net.sf.ehcache.config.ConfigurationFactory.parseConfiguration(ConfigurationFactory.java:136) No configuration found. Configuring ehcache from ehcache-failsafe.xml  found in the classpath: jar:file:/D:/java/maven/local/repo/net/sf/ehcache/ehcache-core/2.6.2/ehcache-core-2.6.2.jar!/ehcache-failsafe.xml
[1706 ][WARN ] 2013-03-17 17:35:42,030 method:org.hibernate.cache.ehcache.AbstractEhcacheRegionFactory.getCache(AbstractEhcacheRegionFactory.java:180) HHH020003: Could not find a specific ehcache configuration for cache named [org.hibernate.cache.spi.UpdateTimestampsCache]; using defaults.
[1795 ][WARN ] 2013-03-17 17:35:42,119 method:org.hibernate.cache.ehcache.AbstractEhcacheRegionFactory.getCache(AbstractEhcacheRegionFactory.java:180) HHH020003: Could not find a specific ehcache configuration for cache named [org.hibernate.cache.internal.StandardQueryCache]; using defaults.
[0    ][WARN ] 2013-03-17 17:37:04,982 method:org.apache.cxf.bus.spring.OldSpringSupport.logWarning(OldSpringSupport.java:55) Import of META-INF/cxf/cxf-extension-xml.xml has been deprecated and is unnecessary.
[3    ][WARN ] 2013-03-17 17:37:04,985 method:org.apache.cxf.bus.spring.OldSpringSupport.logWarning(OldSpringSupport.java:55) Import of META-INF/cxf/cxf-extension-soap.xml has been deprecated and is unnecessary.
[1036 ][WARN ] 2013-03-17 17:37:06,018 method:net.sf.ehcache.config.ConfigurationFactory.parseConfiguration(ConfigurationFactory.java:136) No configuration found. Configuring ehcache from ehcache-failsafe.xml  found in the classpath: jar:file:/D:/java/maven/local/repo/net/sf/ehcache/ehcache-core/2.6.2/ehcache-core-2.6.2.jar!/ehcache-failsafe.xml
[1169 ][WARN ] 2013-03-17 17:37:06,151 method:org.hibernate.cache.ehcache.AbstractEhcacheRegionFactory.getCache(AbstractEhcacheRegionFactory.java:180) HHH020003: Could not find a specific ehcache configuration for cache named [org.hibernate.cache.spi.UpdateTimestampsCache]; using defaults.
[1239 ][WARN ] 2013-03-17 17:37:06,221 method:org.hibernate.cache.ehcache.AbstractEhcacheRegionFactory.getCache(AbstractEhcacheRegionFactory.java:180) HHH020003: Could not find a specific ehcache configuration for cache named [org.hibernate.cache.internal.StandardQueryCache]; using defaults.
[0    ][WARN ] 2013-03-17 17:37:33,896 method:org.apache.cxf.bus.spring.OldSpringSupport.logWarning(OldSpringSupport.java:55) Import of META-INF/cxf/cxf-extension-xml.xml has been deprecated and is unnecessary.
[6    ][WARN ] 2013-03-17 17:37:33,902 method:org.apache.cxf.bus.spring.OldSpringSupport.logWarning(OldSpringSupport.java:55) Import of META-INF/cxf/cxf-extension-soap.xml has been deprecated and is unnecessary.
[1668 ][WARN ] 2013-03-17 17:37:35,564 method:net.sf.ehcache.config.ConfigurationFactory.parseConfiguration(ConfigurationFactory.java:136) No configuration found. Configuring ehcache from ehcache-failsafe.xml  found in the classpath: jar:file:/D:/java/maven/local/repo/net/sf/ehcache/ehcache-core/2.6.2/ehcache-core-2.6.2.jar!/ehcache-failsafe.xml
[1825 ][WARN ] 2013-03-17 17:37:35,721 method:org.hibernate.cache.ehcache.AbstractEhcacheRegionFactory.getCache(AbstractEhcacheRegionFactory.java:180) HHH020003: Could not find a specific ehcache configuration for cache named [org.hibernate.cache.spi.UpdateTimestampsCache]; using defaults.
[1905 ][WARN ] 2013-03-17 17:37:35,801 method:org.hibernate.cache.ehcache.AbstractEhcacheRegionFactory.getCache(AbstractEhcacheRegionFactory.java:180) HHH020003: Could not find a specific ehcache configuration for cache named [org.hibernate.cache.internal.StandardQueryCache]; using defaults.
[0    ][WARN ] 2013-03-17 17:40:40,331 method:org.apache.cxf.bus.spring.OldSpringSupport.logWarning(OldSpringSupport.java:55) Import of META-INF/cxf/cxf-extension-xml.xml has been deprecated and is unnecessary.
[5    ][WARN ] 2013-03-17 17:40:40,336 method:org.apache.cxf.bus.spring.OldSpringSupport.logWarning(OldSpringSupport.java:55) Import of META-INF/cxf/cxf-extension-soap.xml has been deprecated and is unnecessary.
[1036 ][WARN ] 2013-03-17 17:40:41,367 method:net.sf.ehcache.config.ConfigurationFactory.parseConfiguration(ConfigurationFactory.java:136) No configuration found. Configuring ehcache from ehcache-failsafe.xml  found in the classpath: jar:file:/D:/java/maven/local/repo/net/sf/ehcache/ehcache-core/2.6.2/ehcache-core-2.6.2.jar!/ehcache-failsafe.xml
[1167 ][WARN ] 2013-03-17 17:40:41,498 method:org.hibernate.cache.ehcache.AbstractEhcacheRegionFactory.getCache(AbstractEhcacheRegionFactory.java:180) HHH020003: Could not find a specific ehcache configuration for cache named [org.hibernate.cache.spi.UpdateTimestampsCache]; using defaults.
[1240 ][WARN ] 2013-03-17 17:40:41,571 method:org.hibernate.cache.ehcache.AbstractEhcacheRegionFactory.getCache(AbstractEhcacheRegionFactory.java:180) HHH020003: Could not find a specific ehcache configuration for cache named [org.hibernate.cache.internal.StandardQueryCache]; using defaults.
[1    ][WARN ] 2013-03-17 17:41:38,443 method:org.apache.cxf.bus.spring.OldSpringSupport.logWarning(OldSpringSupport.java:55) Import of META-INF/cxf/cxf-extension-xml.xml has been deprecated and is unnecessary.
[9    ][WARN ] 2013-03-17 17:41:38,451 method:org.apache.cxf.bus.spring.OldSpringSupport.logWarning(OldSpringSupport.java:55) Import of META-INF/cxf/cxf-extension-soap.xml has been deprecated and is unnecessary.
[1549 ][WARN ] 2013-03-17 17:41:39,991 method:net.sf.ehcache.config.ConfigurationFactory.parseConfiguration(ConfigurationFactory.java:136) No configuration found. Configuring ehcache from ehcache-failsafe.xml  found in the classpath: jar:file:/D:/java/maven/local/repo/net/sf/ehcache/ehcache-core/2.6.2/ehcache-core-2.6.2.jar!/ehcache-failsafe.xml
[1703 ][WARN ] 2013-03-17 17:41:40,145 method:org.hibernate.cache.ehcache.AbstractEhcacheRegionFactory.getCache(AbstractEhcacheRegionFactory.java:180) HHH020003: Could not find a specific ehcache configuration for cache named [org.hibernate.cache.spi.UpdateTimestampsCache]; using defaults.
[1781 ][WARN ] 2013-03-17 17:41:40,223 method:org.hibernate.cache.ehcache.AbstractEhcacheRegionFactory.getCache(AbstractEhcacheRegionFactory.java:180) HHH020003: Could not find a specific ehcache configuration for cache named [org.hibernate.cache.internal.StandardQueryCache]; using defaults.
[0    ][WARN ] 2013-03-17 17:45:19,566 method:org.apache.cxf.bus.spring.OldSpringSupport.logWarning(OldSpringSupport.java:55) Import of META-INF/cxf/cxf-extension-xml.xml has been deprecated and is unnecessary.
[7    ][WARN ] 2013-03-17 17:45:19,573 method:org.apache.cxf.bus.spring.OldSpringSupport.logWarning(OldSpringSupport.java:55) Import of META-INF/cxf/cxf-extension-soap.xml has been deprecated and is unnecessary.
[1449 ][WARN ] 2013-03-17 17:45:21,015 method:net.sf.ehcache.config.ConfigurationFactory.parseConfiguration(ConfigurationFactory.java:136) No configuration found. Configuring ehcache from ehcache-failsafe.xml  found in the classpath: jar:file:/D:/java/maven/local/repo/net/sf/ehcache/ehcache-core/2.6.2/ehcache-core-2.6.2.jar!/ehcache-failsafe.xml
[1627 ][WARN ] 2013-03-17 17:45:21,193 method:org.hibernate.cache.ehcache.AbstractEhcacheRegionFactory.getCache(AbstractEhcacheRegionFactory.java:180) HHH020003: Could not find a specific ehcache configuration for cache named [org.hibernate.cache.spi.UpdateTimestampsCache]; using defaults.
[1709 ][WARN ] 2013-03-17 17:45:21,275 method:org.hibernate.cache.ehcache.AbstractEhcacheRegionFactory.getCache(AbstractEhcacheRegionFactory.java:180) HHH020003: Could not find a specific ehcache configuration for cache named [org.hibernate.cache.internal.StandardQueryCache]; using defaults.
[0    ][WARN ] 2013-03-17 17:48:50,414 method:org.apache.cxf.bus.spring.OldSpringSupport.logWarning(OldSpringSupport.java:55) Import of META-INF/cxf/cxf-extension-xml.xml has been deprecated and is unnecessary.
[7    ][WARN ] 2013-03-17 17:48:50,421 method:org.apache.cxf.bus.spring.OldSpringSupport.logWarning(OldSpringSupport.java:55) Import of META-INF/cxf/cxf-extension-soap.xml has been deprecated and is unnecessary.
[1356 ][WARN ] 2013-03-17 17:48:51,770 method:net.sf.ehcache.config.ConfigurationFactory.parseConfiguration(ConfigurationFactory.java:136) No configuration found. Configuring ehcache from ehcache-failsafe.xml  found in the classpath: jar:file:/D:/java/maven/local/repo/net/sf/ehcache/ehcache-core/2.6.2/ehcache-core-2.6.2.jar!/ehcache-failsafe.xml
[1496 ][WARN ] 2013-03-17 17:48:51,910 method:org.hibernate.cache.ehcache.AbstractEhcacheRegionFactory.getCache(AbstractEhcacheRegionFactory.java:180) HHH020003: Could not find a specific ehcache configuration for cache named [org.hibernate.cache.spi.UpdateTimestampsCache]; using defaults.
[1578 ][WARN ] 2013-03-17 17:48:51,992 method:org.hibernate.cache.ehcache.AbstractEhcacheRegionFactory.getCache(AbstractEhcacheRegionFactory.java:180) HHH020003: Could not find a specific ehcache configuration for cache named [org.hibernate.cache.internal.StandardQueryCache]; using defaults.
[0    ][WARN ] 2013-03-17 17:49:48,778 method:org.apache.cxf.bus.spring.OldSpringSupport.logWarning(OldSpringSupport.java:55) Import of META-INF/cxf/cxf-extension-xml.xml has been deprecated and is unnecessary.
[3    ][WARN ] 2013-03-17 17:49:48,781 method:org.apache.cxf.bus.spring.OldSpringSupport.logWarning(OldSpringSupport.java:55) Import of META-INF/cxf/cxf-extension-soap.xml has been deprecated and is unnecessary.
[1065 ][WARN ] 2013-03-17 17:49:49,843 method:net.sf.ehcache.config.ConfigurationFactory.parseConfiguration(ConfigurationFactory.java:136) No configuration found. Configuring ehcache from ehcache-failsafe.xml  found in the classpath: jar:file:/D:/java/maven/local/repo/net/sf/ehcache/ehcache-core/2.6.2/ehcache-core-2.6.2.jar!/ehcache-failsafe.xml
[1198 ][WARN ] 2013-03-17 17:49:49,976 method:org.hibernate.cache.ehcache.AbstractEhcacheRegionFactory.getCache(AbstractEhcacheRegionFactory.java:180) HHH020003: Could not find a specific ehcache configuration for cache named [org.hibernate.cache.spi.UpdateTimestampsCache]; using defaults.
[1276 ][WARN ] 2013-03-17 17:49:50,054 method:org.hibernate.cache.ehcache.AbstractEhcacheRegionFactory.getCache(AbstractEhcacheRegionFactory.java:180) HHH020003: Could not find a specific ehcache configuration for cache named [org.hibernate.cache.internal.StandardQueryCache]; using defaults.
[0    ][WARN ] 2013-03-17 17:50:15,326 method:org.apache.cxf.bus.spring.OldSpringSupport.logWarning(OldSpringSupport.java:55) Import of META-INF/cxf/cxf-extension-xml.xml has been deprecated and is unnecessary.
[13   ][WARN ] 2013-03-17 17:50:15,339 method:org.apache.cxf.bus.spring.OldSpringSupport.logWarning(OldSpringSupport.java:55) Import of META-INF/cxf/cxf-extension-soap.xml has been deprecated and is unnecessary.
[1598 ][WARN ] 2013-03-17 17:50:16,924 method:net.sf.ehcache.config.ConfigurationFactory.parseConfiguration(ConfigurationFactory.java:136) No configuration found. Configuring ehcache from ehcache-failsafe.xml  found in the classpath: jar:file:/D:/java/maven/local/repo/net/sf/ehcache/ehcache-core/2.6.2/ehcache-core-2.6.2.jar!/ehcache-failsafe.xml
[1756 ][WARN ] 2013-03-17 17:50:17,082 method:org.hibernate.cache.ehcache.AbstractEhcacheRegionFactory.getCache(AbstractEhcacheRegionFactory.java:180) HHH020003: Could not find a specific ehcache configuration for cache named [org.hibernate.cache.spi.UpdateTimestampsCache]; using defaults.
[1844 ][WARN ] 2013-03-17 17:50:17,170 method:org.hibernate.cache.ehcache.AbstractEhcacheRegionFactory.getCache(AbstractEhcacheRegionFactory.java:180) HHH020003: Could not find a specific ehcache configuration for cache named [org.hibernate.cache.internal.StandardQueryCache]; using defaults.
[0    ][WARN ] 2013-03-17 17:52:28,456 method:org.apache.cxf.bus.spring.OldSpringSupport.logWarning(OldSpringSupport.java:55) Import of META-INF/cxf/cxf-extension-xml.xml has been deprecated and is unnecessary.
[7    ][WARN ] 2013-03-17 17:52:28,463 method:org.apache.cxf.bus.spring.OldSpringSupport.logWarning(OldSpringSupport.java:55) Import of META-INF/cxf/cxf-extension-soap.xml has been deprecated and is unnecessary.
[1347 ][WARN ] 2013-03-17 17:52:29,803 method:net.sf.ehcache.config.ConfigurationFactory.parseConfiguration(ConfigurationFactory.java:136) No configuration found. Configuring ehcache from ehcache-failsafe.xml  found in the classpath: jar:file:/D:/java/maven/local/repo/net/sf/ehcache/ehcache-core/2.6.2/ehcache-core-2.6.2.jar!/ehcache-failsafe.xml
[1493 ][WARN ] 2013-03-17 17:52:29,949 method:org.hibernate.cache.ehcache.AbstractEhcacheRegionFactory.getCache(AbstractEhcacheRegionFactory.java:180) HHH020003: Could not find a specific ehcache configuration for cache named [org.hibernate.cache.spi.UpdateTimestampsCache]; using defaults.
[1570 ][WARN ] 2013-03-17 17:52:30,026 method:org.hibernate.cache.ehcache.AbstractEhcacheRegionFactory.getCache(AbstractEhcacheRegionFactory.java:180) HHH020003: Could not find a specific ehcache configuration for cache named [org.hibernate.cache.internal.StandardQueryCache]; using defaults.
[0    ][WARN ] 2013-03-17 17:55:47,877 method:org.apache.cxf.bus.spring.OldSpringSupport.logWarning(OldSpringSupport.java:55) Import of META-INF/cxf/cxf-extension-xml.xml has been deprecated and is unnecessary.
[3    ][WARN ] 2013-03-17 17:55:47,880 method:org.apache.cxf.bus.spring.OldSpringSupport.logWarning(OldSpringSupport.java:55) Import of META-INF/cxf/cxf-extension-soap.xml has been deprecated and is unnecessary.
[0    ][WARN ] 2013-03-17 17:59:45,137 method:org.apache.cxf.bus.spring.OldSpringSupport.logWarning(OldSpringSupport.java:55) Import of META-INF/cxf/cxf-extension-xml.xml has been deprecated and is unnecessary.
[9    ][WARN ] 2013-03-17 17:59:45,146 method:org.apache.cxf.bus.spring.OldSpringSupport.logWarning(OldSpringSupport.java:55) Import of META-INF/cxf/cxf-extension-soap.xml has been deprecated and is unnecessary.
[1    ][WARN ] 2013-03-17 18:00:49,322 method:org.apache.cxf.bus.spring.OldSpringSupport.logWarning(OldSpringSupport.java:55) Import of META-INF/cxf/cxf-extension-xml.xml has been deprecated and is unnecessary.
[12   ][WARN ] 2013-03-17 18:00:49,333 method:org.apache.cxf.bus.spring.OldSpringSupport.logWarning(OldSpringSupport.java:55) Import of META-INF/cxf/cxf-extension-soap.xml has been deprecated and is unnecessary.
[0    ][WARN ] 2013-03-17 18:02:19,130 method:org.apache.cxf.bus.spring.OldSpringSupport.logWarning(OldSpringSupport.java:55) Import of META-INF/cxf/cxf-extension-xml.xml has been deprecated and is unnecessary.
[8    ][WARN ] 2013-03-17 18:02:19,138 method:org.apache.cxf.bus.spring.OldSpringSupport.logWarning(OldSpringSupport.java:55) Import of META-INF/cxf/cxf-extension-soap.xml has been deprecated and is unnecessary.
[0    ][WARN ] 2013-03-17 18:03:56,614 method:org.apache.cxf.bus.spring.OldSpringSupport.logWarning(OldSpringSupport.java:55) Import of META-INF/cxf/cxf-extension-xml.xml has been deprecated and is unnecessary.
[8    ][WARN ] 2013-03-17 18:03:56,622 method:org.apache.cxf.bus.spring.OldSpringSupport.logWarning(OldSpringSupport.java:55) Import of META-INF/cxf/cxf-extension-soap.xml has been deprecated and is unnecessary.
[0    ][WARN ] 2013-03-17 18:08:49,436 method:org.apache.cxf.bus.spring.OldSpringSupport.logWarning(OldSpringSupport.java:55) Import of META-INF/cxf/cxf-extension-xml.xml has been deprecated and is unnecessary.
[9    ][WARN ] 2013-03-17 18:08:49,445 method:org.apache.cxf.bus.spring.OldSpringSupport.logWarning(OldSpringSupport.java:55) Import of META-INF/cxf/cxf-extension-soap.xml has been deprecated and is unnecessary.
[1    ][WARN ] 2013-03-17 18:11:09,926 method:org.apache.cxf.bus.spring.OldSpringSupport.logWarning(OldSpringSupport.java:55) Import of META-INF/cxf/cxf-extension-xml.xml has been deprecated and is unnecessary.
[8    ][WARN ] 2013-03-17 18:11:09,933 method:org.apache.cxf.bus.spring.OldSpringSupport.logWarning(OldSpringSupport.java:55) Import of META-INF/cxf/cxf-extension-soap.xml has been deprecated and is unnecessary.
[2000 ][WARN ] 2013-03-17 18:11:11,925 method:net.sf.ehcache.config.ConfigurationFactory.parseConfiguration(ConfigurationFactory.java:136) No configuration found. Configuring ehcache from ehcache-failsafe.xml  found in the classpath: jar:file:/D:/java/maven/local/repo/net/sf/ehcache/ehcache-core/2.6.2/ehcache-core-2.6.2.jar!/ehcache-failsafe.xml
[2167 ][WARN ] 2013-03-17 18:11:12,092 method:org.hibernate.cache.ehcache.AbstractEhcacheRegionFactory.getCache(AbstractEhcacheRegionFactory.java:180) HHH020003: Could not find a specific ehcache configuration for cache named [org.hibernate.cache.spi.UpdateTimestampsCache]; using defaults.
[2257 ][WARN ] 2013-03-17 18:11:12,182 method:org.hibernate.cache.ehcache.AbstractEhcacheRegionFactory.getCache(AbstractEhcacheRegionFactory.java:180) HHH020003: Could not find a specific ehcache configuration for cache named [org.hibernate.cache.internal.StandardQueryCache]; using defaults.
[0    ][WARN ] 2013-03-17 18:11:42,418 method:org.apache.cxf.bus.spring.OldSpringSupport.logWarning(OldSpringSupport.java:55) Import of META-INF/cxf/cxf-extension-xml.xml has been deprecated and is unnecessary.
[7    ][WARN ] 2013-03-17 18:11:42,425 method:org.apache.cxf.bus.spring.OldSpringSupport.logWarning(OldSpringSupport.java:55) Import of META-INF/cxf/cxf-extension-soap.xml has been deprecated and is unnecessary.
[2066 ][WARN ] 2013-03-17 18:11:44,484 method:net.sf.ehcache.config.ConfigurationFactory.parseConfiguration(ConfigurationFactory.java:136) No configuration found. Configuring ehcache from ehcache-failsafe.xml  found in the classpath: jar:file:/D:/java/maven/local/repo/net/sf/ehcache/ehcache-core/2.6.2/ehcache-core-2.6.2.jar!/ehcache-failsafe.xml
[2211 ][WARN ] 2013-03-17 18:11:44,629 method:org.hibernate.cache.ehcache.AbstractEhcacheRegionFactory.getCache(AbstractEhcacheRegionFactory.java:180) HHH020003: Could not find a specific ehcache configuration for cache named [org.hibernate.cache.spi.UpdateTimestampsCache]; using defaults.
[2295 ][WARN ] 2013-03-17 18:11:44,713 method:org.hibernate.cache.ehcache.AbstractEhcacheRegionFactory.getCache(AbstractEhcacheRegionFactory.java:180) HHH020003: Could not find a specific ehcache configuration for cache named [org.hibernate.cache.internal.StandardQueryCache]; using defaults.
[0    ][WARN ] 2013-03-17 18:14:04,774 method:org.apache.cxf.bus.spring.OldSpringSupport.logWarning(OldSpringSupport.java:55) Import of META-INF/cxf/cxf-extension-xml.xml has been deprecated and is unnecessary.
[4    ][WARN ] 2013-03-17 18:14:04,778 method:org.apache.cxf.bus.spring.OldSpringSupport.logWarning(OldSpringSupport.java:55) Import of META-INF/cxf/cxf-extension-soap.xml has been deprecated and is unnecessary.
[1175 ][WARN ] 2013-03-17 18:14:05,949 method:net.sf.ehcache.config.ConfigurationFactory.parseConfiguration(ConfigurationFactory.java:136) No configuration found. Configuring ehcache from ehcache-failsafe.xml  found in the classpath: jar:file:/D:/java/maven/local/repo/net/sf/ehcache/ehcache-core/2.6.2/ehcache-core-2.6.2.jar!/ehcache-failsafe.xml
[1297 ][WARN ] 2013-03-17 18:14:06,071 method:org.hibernate.cache.ehcache.AbstractEhcacheRegionFactory.getCache(AbstractEhcacheRegionFactory.java:180) HHH020003: Could not find a specific ehcache configuration for cache named [org.hibernate.cache.spi.UpdateTimestampsCache]; using defaults.
[1366 ][WARN ] 2013-03-17 18:14:06,140 method:org.hibernate.cache.ehcache.AbstractEhcacheRegionFactory.getCache(AbstractEhcacheRegionFactory.java:180) HHH020003: Could not find a specific ehcache configuration for cache named [org.hibernate.cache.internal.StandardQueryCache]; using defaults.
[0    ][WARN ] 2013-03-17 18:15:15,987 method:org.apache.cxf.bus.spring.OldSpringSupport.logWarning(OldSpringSupport.java:55) Import of META-INF/cxf/cxf-extension-xml.xml has been deprecated and is unnecessary.
[4    ][WARN ] 2013-03-17 18:15:15,991 method:org.apache.cxf.bus.spring.OldSpringSupport.logWarning(OldSpringSupport.java:55) Import of META-INF/cxf/cxf-extension-soap.xml has been deprecated and is unnecessary.
[1129 ][WARN ] 2013-03-17 18:15:17,116 method:net.sf.ehcache.config.ConfigurationFactory.parseConfiguration(ConfigurationFactory.java:136) No configuration found. Configuring ehcache from ehcache-failsafe.xml  found in the classpath: jar:file:/D:/java/maven/local/repo/net/sf/ehcache/ehcache-core/2.6.2/ehcache-core-2.6.2.jar!/ehcache-failsafe.xml
[1259 ][WARN ] 2013-03-17 18:15:17,246 method:org.hibernate.cache.ehcache.AbstractEhcacheRegionFactory.getCache(AbstractEhcacheRegionFactory.java:180) HHH020003: Could not find a specific ehcache configuration for cache named [org.hibernate.cache.spi.UpdateTimestampsCache]; using defaults.
[1323 ][WARN ] 2013-03-17 18:15:17,310 method:org.hibernate.cache.ehcache.AbstractEhcacheRegionFactory.getCache(AbstractEhcacheRegionFactory.java:180) HHH020003: Could not find a specific ehcache configuration for cache named [org.hibernate.cache.internal.StandardQueryCache]; using defaults.
[0    ][WARN ] 2013-03-17 18:17:00,109 method:org.apache.cxf.bus.spring.OldSpringSupport.logWarning(OldSpringSupport.java:55) Import of META-INF/cxf/cxf-extension-xml.xml has been deprecated and is unnecessary.
[9    ][WARN ] 2013-03-17 18:17:00,118 method:org.apache.cxf.bus.spring.OldSpringSupport.logWarning(OldSpringSupport.java:55) Import of META-INF/cxf/cxf-extension-soap.xml has been deprecated and is unnecessary.
[2097 ][WARN ] 2013-03-17 18:17:02,206 method:net.sf.ehcache.config.ConfigurationFactory.parseConfiguration(ConfigurationFactory.java:136) No configuration found. Configuring ehcache from ehcache-failsafe.xml  found in the classpath: jar:file:/D:/java/maven/local/repo/net/sf/ehcache/ehcache-core/2.6.2/ehcache-core-2.6.2.jar!/ehcache-failsafe.xml
[2287 ][WARN ] 2013-03-17 18:17:02,396 method:org.hibernate.cache.ehcache.AbstractEhcacheRegionFactory.getCache(AbstractEhcacheRegionFactory.java:180) HHH020003: Could not find a specific ehcache configuration for cache named [org.hibernate.cache.spi.UpdateTimestampsCache]; using defaults.
[2368 ][WARN ] 2013-03-17 18:17:02,477 method:org.hibernate.cache.ehcache.AbstractEhcacheRegionFactory.getCache(AbstractEhcacheRegionFactory.java:180) HHH020003: Could not find a specific ehcache configuration for cache named [org.hibernate.cache.internal.StandardQueryCache]; using defaults.
[0    ][WARN ] 2013-03-17 18:21:27,037 method:org.apache.cxf.bus.spring.OldSpringSupport.logWarning(OldSpringSupport.java:55) Import of META-INF/cxf/cxf-extension-xml.xml has been deprecated and is unnecessary.
[3    ][WARN ] 2013-03-17 18:21:27,040 method:org.apache.cxf.bus.spring.OldSpringSupport.logWarning(OldSpringSupport.java:55) Import of META-INF/cxf/cxf-extension-soap.xml has been deprecated and is unnecessary.
[1119 ][WARN ] 2013-03-17 18:21:28,156 method:net.sf.ehcache.config.ConfigurationFactory.parseConfiguration(ConfigurationFactory.java:136) No configuration found. Configuring ehcache from ehcache-failsafe.xml  found in the classpath: jar:file:/D:/java/maven/local/repo/net/sf/ehcache/ehcache-core/2.6.2/ehcache-core-2.6.2.jar!/ehcache-failsafe.xml
[1240 ][WARN ] 2013-03-17 18:21:28,277 method:org.hibernate.cache.ehcache.AbstractEhcacheRegionFactory.getCache(AbstractEhcacheRegionFactory.java:180) HHH020003: Could not find a specific ehcache configuration for cache named [org.hibernate.cache.spi.UpdateTimestampsCache]; using defaults.
[1307 ][WARN ] 2013-03-17 18:21:28,344 method:org.hibernate.cache.ehcache.AbstractEhcacheRegionFactory.getCache(AbstractEhcacheRegionFactory.java:180) HHH020003: Could not find a specific ehcache configuration for cache named [org.hibernate.cache.internal.StandardQueryCache]; using defaults.
[0    ][WARN ] 2013-03-17 18:26:09,484 method:org.apache.cxf.bus.spring.OldSpringSupport.logWarning(OldSpringSupport.java:55) Import of META-INF/cxf/cxf-extension-xml.xml has been deprecated and is unnecessary.
[3    ][WARN ] 2013-03-17 18:26:09,487 method:org.apache.cxf.bus.spring.OldSpringSupport.logWarning(OldSpringSupport.java:55) Import of META-INF/cxf/cxf-extension-soap.xml has been deprecated and is unnecessary.
[0    ][WARN ] 2013-03-17 19:18:13,575 method:org.apache.cxf.bus.spring.OldSpringSupport.logWarning(OldSpringSupport.java:55) Import of META-INF/cxf/cxf-extension-xml.xml has been deprecated and is unnecessary.
[0    ][WARN ] 2013-03-17 19:18:13,575 method:org.apache.cxf.bus.spring.OldSpringSupport.logWarning(OldSpringSupport.java:55) Import of META-INF/cxf/cxf-extension-soap.xml has been deprecated and is unnecessary.
[0    ][WARN ] 2013-03-17 19:28:23,105 method:org.apache.cxf.bus.spring.OldSpringSupport.logWarning(OldSpringSupport.java:55) Import of META-INF/cxf/cxf-extension-xml.xml has been deprecated and is unnecessary.
[3    ][WARN ] 2013-03-17 19:28:23,108 method:org.apache.cxf.bus.spring.OldSpringSupport.logWarning(OldSpringSupport.java:55) Import of META-INF/cxf/cxf-extension-soap.xml has been deprecated and is unnecessary.
[0    ][WARN ] 2013-03-17 19:35:37,788 method:org.apache.cxf.bus.spring.OldSpringSupport.logWarning(OldSpringSupport.java:55) Import of META-INF/cxf/cxf-extension-xml.xml has been deprecated and is unnecessary.
[3    ][WARN ] 2013-03-17 19:35:37,791 method:org.apache.cxf.bus.spring.OldSpringSupport.logWarning(OldSpringSupport.java:55) Import of META-INF/cxf/cxf-extension-soap.xml has been deprecated and is unnecessary.
[1458 ][WARN ] 2013-03-17 19:35:39,246 method:net.sf.ehcache.config.ConfigurationFactory.parseConfiguration(ConfigurationFactory.java:136) No configuration found. Configuring ehcache from ehcache-failsafe.xml  found in the classpath: jar:file:/D:/java/maven/local/repo/net/sf/ehcache/ehcache-core/2.6.2/ehcache-core-2.6.2.jar!/ehcache-failsafe.xml
[1573 ][WARN ] 2013-03-17 19:35:39,361 method:org.hibernate.cache.ehcache.AbstractEhcacheRegionFactory.getCache(AbstractEhcacheRegionFactory.java:180) HHH020003: Could not find a specific ehcache configuration for cache named [org.hibernate.cache.spi.UpdateTimestampsCache]; using defaults.
[1637 ][WARN ] 2013-03-17 19:35:39,425 method:org.hibernate.cache.ehcache.AbstractEhcacheRegionFactory.getCache(AbstractEhcacheRegionFactory.java:180) HHH020003: Could not find a specific ehcache configuration for cache named [org.hibernate.cache.internal.StandardQueryCache]; using defaults.
[15946][WARN ] 2013-03-17 19:35:53,734 method:org.hibernate.engine.jdbc.spi.SqlExceptionHelper.logExceptions(SqlExceptionHelper.java:143) SQL Error: 1054, SQLState: 42S22
[0    ][WARN ] 2013-03-17 19:40:04,736 method:org.apache.cxf.bus.spring.OldSpringSupport.logWarning(OldSpringSupport.java:55) Import of META-INF/cxf/cxf-extension-xml.xml has been deprecated and is unnecessary.
[3    ][WARN ] 2013-03-17 19:40:04,739 method:org.apache.cxf.bus.spring.OldSpringSupport.logWarning(OldSpringSupport.java:55) Import of META-INF/cxf/cxf-extension-soap.xml has been deprecated and is unnecessary.
[1088 ][WARN ] 2013-03-17 19:40:05,824 method:net.sf.ehcache.config.ConfigurationFactory.parseConfiguration(ConfigurationFactory.java:136) No configuration found. Configuring ehcache from ehcache-failsafe.xml  found in the classpath: jar:file:/D:/java/maven/local/repo/net/sf/ehcache/ehcache-core/2.6.2/ehcache-core-2.6.2.jar!/ehcache-failsafe.xml
[1206 ][WARN ] 2013-03-17 19:40:05,942 method:org.hibernate.cache.ehcache.AbstractEhcacheRegionFactory.getCache(AbstractEhcacheRegionFactory.java:180) HHH020003: Could not find a specific ehcache configuration for cache named [org.hibernate.cache.spi.UpdateTimestampsCache]; using defaults.
[1272 ][WARN ] 2013-03-17 19:40:06,008 method:org.hibernate.cache.ehcache.AbstractEhcacheRegionFactory.getCache(AbstractEhcacheRegionFactory.java:180) HHH020003: Could not find a specific ehcache configuration for cache named [org.hibernate.cache.internal.StandardQueryCache]; using defaults.
[0    ][WARN ] 2013-03-17 20:00:29,694 method:org.apache.cxf.bus.spring.OldSpringSupport.logWarning(OldSpringSupport.java:55) Import of META-INF/cxf/cxf-extension-xml.xml has been deprecated and is unnecessary.
[4    ][WARN ] 2013-03-17 20:00:29,698 method:org.apache.cxf.bus.spring.OldSpringSupport.logWarning(OldSpringSupport.java:55) Import of META-INF/cxf/cxf-extension-soap.xml has been deprecated and is unnecessary.
[1184 ][WARN ] 2013-03-17 20:00:30,878 method:net.sf.ehcache.config.ConfigurationFactory.parseConfiguration(ConfigurationFactory.java:136) No configuration found. Configuring ehcache from ehcache-failsafe.xml  found in the classpath: jar:file:/D:/java/maven/local/repo/net/sf/ehcache/ehcache-core/2.6.2/ehcache-core-2.6.2.jar!/ehcache-failsafe.xml
[1312 ][WARN ] 2013-03-17 20:00:31,006 method:org.hibernate.cache.ehcache.AbstractEhcacheRegionFactory.getCache(AbstractEhcacheRegionFactory.java:180) HHH020003: Could not find a specific ehcache configuration for cache named [org.hibernate.cache.spi.UpdateTimestampsCache]; using defaults.
[1381 ][WARN ] 2013-03-17 20:00:31,075 method:org.hibernate.cache.ehcache.AbstractEhcacheRegionFactory.getCache(AbstractEhcacheRegionFactory.java:180) HHH020003: Could not find a specific ehcache configuration for cache named [org.hibernate.cache.internal.StandardQueryCache]; using defaults.
[0    ][WARN ] 2013-03-17 20:06:27,084 method:org.apache.cxf.bus.spring.OldSpringSupport.logWarning(OldSpringSupport.java:55) Import of META-INF/cxf/cxf-extension-xml.xml has been deprecated and is unnecessary.
[4    ][WARN ] 2013-03-17 20:06:27,088 method:org.apache.cxf.bus.spring.OldSpringSupport.logWarning(OldSpringSupport.java:55) Import of META-INF/cxf/cxf-extension-soap.xml has been deprecated and is unnecessary.
[1113 ][WARN ] 2013-03-17 20:06:28,197 method:net.sf.ehcache.config.ConfigurationFactory.parseConfiguration(ConfigurationFactory.java:136) No configuration found. Configuring ehcache from ehcache-failsafe.xml  found in the classpath: jar:file:/D:/java/maven/local/repo/net/sf/ehcache/ehcache-core/2.6.2/ehcache-core-2.6.2.jar!/ehcache-failsafe.xml
[1227 ][WARN ] 2013-03-17 20:06:28,311 method:org.hibernate.cache.ehcache.AbstractEhcacheRegionFactory.getCache(AbstractEhcacheRegionFactory.java:180) HHH020003: Could not find a specific ehcache configuration for cache named [org.hibernate.cache.spi.UpdateTimestampsCache]; using defaults.
[1292 ][WARN ] 2013-03-17 20:06:28,376 method:org.hibernate.cache.ehcache.AbstractEhcacheRegionFactory.getCache(AbstractEhcacheRegionFactory.java:180) HHH020003: Could not find a specific ehcache configuration for cache named [org.hibernate.cache.internal.StandardQueryCache]; using defaults.
[0    ][WARN ] 2013-03-17 20:07:11,281 method:org.apache.cxf.bus.spring.OldSpringSupport.logWarning(OldSpringSupport.java:55) Import of META-INF/cxf/cxf-extension-xml.xml has been deprecated and is unnecessary.
[3    ][WARN ] 2013-03-17 20:07:11,284 method:org.apache.cxf.bus.spring.OldSpringSupport.logWarning(OldSpringSupport.java:55) Import of META-INF/cxf/cxf-extension-soap.xml has been deprecated and is unnecessary.
[1087 ][WARN ] 2013-03-17 20:07:12,368 method:net.sf.ehcache.config.ConfigurationFactory.parseConfiguration(ConfigurationFactory.java:136) No configuration found. Configuring ehcache from ehcache-failsafe.xml  found in the classpath: jar:file:/D:/java/maven/local/repo/net/sf/ehcache/ehcache-core/2.6.2/ehcache-core-2.6.2.jar!/ehcache-failsafe.xml
[1202 ][WARN ] 2013-03-17 20:07:12,483 method:org.hibernate.cache.ehcache.AbstractEhcacheRegionFactory.getCache(AbstractEhcacheRegionFactory.java:180) HHH020003: Could not find a specific ehcache configuration for cache named [org.hibernate.cache.spi.UpdateTimestampsCache]; using defaults.
[1267 ][WARN ] 2013-03-17 20:07:12,548 method:org.hibernate.cache.ehcache.AbstractEhcacheRegionFactory.getCache(AbstractEhcacheRegionFactory.java:180) HHH020003: Could not find a specific ehcache configuration for cache named [org.hibernate.cache.internal.StandardQueryCache]; using defaults.
[0    ][WARN ] 2013-03-17 20:08:23,914 method:org.apache.cxf.bus.spring.OldSpringSupport.logWarning(OldSpringSupport.java:55) Import of META-INF/cxf/cxf-extension-xml.xml has been deprecated and is unnecessary.
[4    ][WARN ] 2013-03-17 20:08:23,918 method:org.apache.cxf.bus.spring.OldSpringSupport.logWarning(OldSpringSupport.java:55) Import of META-INF/cxf/cxf-extension-soap.xml has been deprecated and is unnecessary.
[1090 ][WARN ] 2013-03-17 20:08:25,004 method:net.sf.ehcache.config.ConfigurationFactory.parseConfiguration(ConfigurationFactory.java:136) No configuration found. Configuring ehcache from ehcache-failsafe.xml  found in the classpath: jar:file:/D:/java/maven/local/repo/net/sf/ehcache/ehcache-core/2.6.2/ehcache-core-2.6.2.jar!/ehcache-failsafe.xml
[1222 ][WARN ] 2013-03-17 20:08:25,136 method:org.hibernate.cache.ehcache.AbstractEhcacheRegionFactory.getCache(AbstractEhcacheRegionFactory.java:180) HHH020003: Could not find a specific ehcache configuration for cache named [org.hibernate.cache.spi.UpdateTimestampsCache]; using defaults.
[1283 ][WARN ] 2013-03-17 20:08:25,197 method:org.hibernate.cache.ehcache.AbstractEhcacheRegionFactory.getCache(AbstractEhcacheRegionFactory.java:180) HHH020003: Could not find a specific ehcache configuration for cache named [org.hibernate.cache.internal.StandardQueryCache]; using defaults.
[0    ][WARN ] 2013-03-17 20:11:09,590 method:org.apache.cxf.bus.spring.OldSpringSupport.logWarning(OldSpringSupport.java:55) Import of META-INF/cxf/cxf-extension-xml.xml has been deprecated and is unnecessary.
[3    ][WARN ] 2013-03-17 20:11:09,593 method:org.apache.cxf.bus.spring.OldSpringSupport.logWarning(OldSpringSupport.java:55) Import of META-INF/cxf/cxf-extension-soap.xml has been deprecated and is unnecessary.
[1099 ][WARN ] 2013-03-17 20:11:10,689 method:net.sf.ehcache.config.ConfigurationFactory.parseConfiguration(ConfigurationFactory.java:136) No configuration found. Configuring ehcache from ehcache-failsafe.xml  found in the classpath: jar:file:/D:/java/maven/local/repo/net/sf/ehcache/ehcache-core/2.6.2/ehcache-core-2.6.2.jar!/ehcache-failsafe.xml
[1214 ][WARN ] 2013-03-17 20:11:10,804 method:org.hibernate.cache.ehcache.AbstractEhcacheRegionFactory.getCache(AbstractEhcacheRegionFactory.java:180) HHH020003: Could not find a specific ehcache configuration for cache named [org.hibernate.cache.spi.UpdateTimestampsCache]; using defaults.
[1280 ][WARN ] 2013-03-17 20:11:10,870 method:org.hibernate.cache.ehcache.AbstractEhcacheRegionFactory.getCache(AbstractEhcacheRegionFactory.java:180) HHH020003: Could not find a specific ehcache configuration for cache named [org.hibernate.cache.internal.StandardQueryCache]; using defaults.
[0    ][WARN ] 2013-03-17 20:21:27,016 method:org.apache.cxf.bus.spring.OldSpringSupport.logWarning(OldSpringSupport.java:55) Import of META-INF/cxf/cxf-extension-xml.xml has been deprecated and is unnecessary.
[3    ][WARN ] 2013-03-17 20:21:27,019 method:org.apache.cxf.bus.spring.OldSpringSupport.logWarning(OldSpringSupport.java:55) Import of META-INF/cxf/cxf-extension-soap.xml has been deprecated and is unnecessary.
[1100 ][WARN ] 2013-03-17 20:21:28,116 method:net.sf.ehcache.config.ConfigurationFactory.parseConfiguration(ConfigurationFactory.java:136) No configuration found. Configuring ehcache from ehcache-failsafe.xml  found in the classpath: jar:file:/D:/java/maven/local/repo/net/sf/ehcache/ehcache-core/2.6.2/ehcache-core-2.6.2.jar!/ehcache-failsafe.xml
[1217 ][WARN ] 2013-03-17 20:21:28,233 method:org.hibernate.cache.ehcache.AbstractEhcacheRegionFactory.getCache(AbstractEhcacheRegionFactory.java:180) HHH020003: Could not find a specific ehcache configuration for cache named [org.hibernate.cache.spi.UpdateTimestampsCache]; using defaults.
[1279 ][WARN ] 2013-03-17 20:21:28,295 method:org.hibernate.cache.ehcache.AbstractEhcacheRegionFactory.getCache(AbstractEhcacheRegionFactory.java:180) HHH020003: Could not find a specific ehcache configuration for cache named [org.hibernate.cache.internal.StandardQueryCache]; using defaults.
[0    ][WARN ] 2013-03-17 20:24:23,939 method:org.apache.cxf.bus.spring.OldSpringSupport.logWarning(OldSpringSupport.java:55) Import of META-INF/cxf/cxf-extension-xml.xml has been deprecated and is unnecessary.
[4    ][WARN ] 2013-03-17 20:24:23,943 method:org.apache.cxf.bus.spring.OldSpringSupport.logWarning(OldSpringSupport.java:55) Import of META-INF/cxf/cxf-extension-soap.xml has been deprecated and is unnecessary.
[1099 ][WARN ] 2013-03-17 20:24:25,038 method:net.sf.ehcache.config.ConfigurationFactory.parseConfiguration(ConfigurationFactory.java:136) No configuration found. Configuring ehcache from ehcache-failsafe.xml  found in the classpath: jar:file:/D:/java/maven/local/repo/net/sf/ehcache/ehcache-core/2.6.2/ehcache-core-2.6.2.jar!/ehcache-failsafe.xml
[1213 ][WARN ] 2013-03-17 20:24:25,152 method:org.hibernate.cache.ehcache.AbstractEhcacheRegionFactory.getCache(AbstractEhcacheRegionFactory.java:180) HHH020003: Could not find a specific ehcache configuration for cache named [org.hibernate.cache.spi.UpdateTimestampsCache]; using defaults.
[1275 ][WARN ] 2013-03-17 20:24:25,214 method:org.hibernate.cache.ehcache.AbstractEhcacheRegionFactory.getCache(AbstractEhcacheRegionFactory.java:180) HHH020003: Could not find a specific ehcache configuration for cache named [org.hibernate.cache.internal.StandardQueryCache]; using defaults.
[0    ][WARN ] 2013-03-17 20:25:38,575 method:org.apache.cxf.bus.spring.OldSpringSupport.logWarning(OldSpringSupport.java:55) Import of META-INF/cxf/cxf-extension-xml.xml has been deprecated and is unnecessary.
[3    ][WARN ] 2013-03-17 20:25:38,578 method:org.apache.cxf.bus.spring.OldSpringSupport.logWarning(OldSpringSupport.java:55) Import of META-INF/cxf/cxf-extension-soap.xml has been deprecated and is unnecessary.
[1093 ][WARN ] 2013-03-17 20:25:39,668 method:net.sf.ehcache.config.ConfigurationFactory.parseConfiguration(ConfigurationFactory.java:136) No configuration found. Configuring ehcache from ehcache-failsafe.xml  found in the classpath: jar:file:/D:/java/maven/local/repo/net/sf/ehcache/ehcache-core/2.6.2/ehcache-core-2.6.2.jar!/ehcache-failsafe.xml
[1213 ][WARN ] 2013-03-17 20:25:39,788 method:org.hibernate.cache.ehcache.AbstractEhcacheRegionFactory.getCache(AbstractEhcacheRegionFactory.java:180) HHH020003: Could not find a specific ehcache configuration for cache named [org.hibernate.cache.spi.UpdateTimestampsCache]; using defaults.
[1283 ][WARN ] 2013-03-17 20:25:39,858 method:org.hibernate.cache.ehcache.AbstractEhcacheRegionFactory.getCache(AbstractEhcacheRegionFactory.java:180) HHH020003: Could not find a specific ehcache configuration for cache named [org.hibernate.cache.internal.StandardQueryCache]; using defaults.
[0    ][WARN ] 2013-03-17 20:28:31,434 method:org.apache.cxf.bus.spring.OldSpringSupport.logWarning(OldSpringSupport.java:55) Import of META-INF/cxf/cxf-extension-xml.xml has been deprecated and is unnecessary.
[3    ][WARN ] 2013-03-17 20:28:31,437 method:org.apache.cxf.bus.spring.OldSpringSupport.logWarning(OldSpringSupport.java:55) Import of META-INF/cxf/cxf-extension-soap.xml has been deprecated and is unnecessary.
[1107 ][WARN ] 2013-03-17 20:28:32,541 method:net.sf.ehcache.config.ConfigurationFactory.parseConfiguration(ConfigurationFactory.java:136) No configuration found. Configuring ehcache from ehcache-failsafe.xml  found in the classpath: jar:file:/D:/java/maven/local/repo/net/sf/ehcache/ehcache-core/2.6.2/ehcache-core-2.6.2.jar!/ehcache-failsafe.xml
[1229 ][WARN ] 2013-03-17 20:28:32,663 method:org.hibernate.cache.ehcache.AbstractEhcacheRegionFactory.getCache(AbstractEhcacheRegionFactory.java:180) HHH020003: Could not find a specific ehcache configuration for cache named [org.hibernate.cache.spi.UpdateTimestampsCache]; using defaults.
[1292 ][WARN ] 2013-03-17 20:28:32,726 method:org.hibernate.cache.ehcache.AbstractEhcacheRegionFactory.getCache(AbstractEhcacheRegionFactory.java:180) HHH020003: Could not find a specific ehcache configuration for cache named [org.hibernate.cache.internal.StandardQueryCache]; using defaults.
[0    ][WARN ] 2013-03-17 20:29:40,738 method:org.apache.cxf.bus.spring.OldSpringSupport.logWarning(OldSpringSupport.java:55) Import of META-INF/cxf/cxf-extension-xml.xml has been deprecated and is unnecessary.
[4    ][WARN ] 2013-03-17 20:29:40,742 method:org.apache.cxf.bus.spring.OldSpringSupport.logWarning(OldSpringSupport.java:55) Import of META-INF/cxf/cxf-extension-soap.xml has been deprecated and is unnecessary.
[1093 ][WARN ] 2013-03-17 20:29:41,831 method:net.sf.ehcache.config.ConfigurationFactory.parseConfiguration(ConfigurationFactory.java:136) No configuration found. Configuring ehcache from ehcache-failsafe.xml  found in the classpath: jar:file:/D:/java/maven/local/repo/net/sf/ehcache/ehcache-core/2.6.2/ehcache-core-2.6.2.jar!/ehcache-failsafe.xml
[1213 ][WARN ] 2013-03-17 20:29:41,951 method:org.hibernate.cache.ehcache.AbstractEhcacheRegionFactory.getCache(AbstractEhcacheRegionFactory.java:180) HHH020003: Could not find a specific ehcache configuration for cache named [org.hibernate.cache.spi.UpdateTimestampsCache]; using defaults.
[1278 ][WARN ] 2013-03-17 20:29:42,016 method:org.hibernate.cache.ehcache.AbstractEhcacheRegionFactory.getCache(AbstractEhcacheRegionFactory.java:180) HHH020003: Could not find a specific ehcache configuration for cache named [org.hibernate.cache.internal.StandardQueryCache]; using defaults.
[0    ][WARN ] 2013-03-17 20:30:39,624 method:org.apache.cxf.bus.spring.OldSpringSupport.logWarning(OldSpringSupport.java:55) Import of META-INF/cxf/cxf-extension-xml.xml has been deprecated and is unnecessary.
[13   ][WARN ] 2013-03-17 20:30:39,637 method:org.apache.cxf.bus.spring.OldSpringSupport.logWarning(OldSpringSupport.java:55) Import of META-INF/cxf/cxf-extension-soap.xml has been deprecated and is unnecessary.
[2262 ][WARN ] 2013-03-17 20:30:41,886 method:net.sf.ehcache.config.ConfigurationFactory.parseConfiguration(ConfigurationFactory.java:136) No configuration found. Configuring ehcache from ehcache-failsafe.xml  found in the classpath: jar:file:/D:/java/maven/local/repo/net/sf/ehcache/ehcache-core/2.6.2/ehcache-core-2.6.2.jar!/ehcache-failsafe.xml
[2410 ][WARN ] 2013-03-17 20:30:42,034 method:org.hibernate.cache.ehcache.AbstractEhcacheRegionFactory.getCache(AbstractEhcacheRegionFactory.java:180) HHH020003: Could not find a specific ehcache configuration for cache named [org.hibernate.cache.spi.UpdateTimestampsCache]; using defaults.
[2484 ][WARN ] 2013-03-17 20:30:42,108 method:org.hibernate.cache.ehcache.AbstractEhcacheRegionFactory.getCache(AbstractEhcacheRegionFactory.java:180) HHH020003: Could not find a specific ehcache configuration for cache named [org.hibernate.cache.internal.StandardQueryCache]; using defaults.
